DEBUG     Checking PHPLS_ALLOW_XDEBUG

DEBUG     The xdebug extension is not loaded

[Info  - 12:12:00 PM] 897 files total
[Info  - 12:12:00 PM] Indexing project for definitions and static references
Parsing file:///opt/lampp/htdocs/Practice/app/Routes.php
Parsing file:///opt/lampp/htdocs/Practice/app/Models/User.php
Parsing file:///opt/lampp/htdocs/Practice/app/Controller/Home/AuthController.php
Parsing file:///opt/lampp/htdocs/Practice/app/Controller/Home/Controller.php
Parsing file:///opt/lampp/htdocs/Practice/app/Controller/Home/SetController.php
Parsing file:///opt/lampp/htdocs/Practice/app/Controller/Admin/AuthController.php
Parsing file:///opt/lampp/htdocs/Practice/app/Controller/Admin/Controller.php
Parsing file:///opt/lampp/htdocs/Practice/app/Controller/Admin/SetController.php
Parsing file:///opt/lampp/htdocs/Practice/app/Routes/test.php
Parsing file:///opt/lampp/htdocs/Practice/app/Routes/admin.php
Parsing file:///opt/lampp/htdocs/Practice/app/Routes/web.php
Parsing file:///opt/lampp/htdocs/Practice/app/Start/UserSecure.php
Parsing file:///opt/lampp/htdocs/Practice/app/Start/AppHelper.php
Parsing file:///opt/lampp/htdocs/Practice/app/Start/Route.php
Parsing file:///opt/lampp/htdocs/Practice/app/Start/UserSession.php
Parsing file:///opt/lampp/htdocs/Practice/app/Start/View.php
Parsing file:///opt/lampp/htdocs/Practice/app/Start/Detail.php
Parsing file:///opt/lampp/htdocs/Practice/app/Start/Template.php
Parsing file:///opt/lampp/htdocs/Practice/bootstrap/Initializers.php
Parsing file:///opt/lampp/htdocs/Practice/bootstrap/Functions.php
Parsing file:///opt/lampp/htdocs/Practice/index.php
Parsing file:///opt/lampp/htdocs/Practice/tests/Unit/AuthTest.php
Parsing file:///opt/lampp/htdocs/Practice/vendor/composer/autoload_namespaces.php
Parsing file:///opt/lampp/htdocs/Practice/vendor/composer/autoload_real.php
Parsing file:///opt/lampp/htdocs/Practice/vendor/composer/autoload_psr4.php
Parsing file:///opt/lampp/htdocs/Practice/vendor/composer/autoload_files.php
Parsing file:///opt/lampp/htdocs/Practice/vendor/composer/autoload_classmap.php
Parsing file:///opt/lampp/htdocs/Practice/vendor/composer/ClassLoader.php
Parsing file:///opt/lampp/htdocs/Practice/vendor/composer/autoload_static.php
Parsing file:///opt/lampp/htdocs/Practice/vendor/autoload.php
Parsing file:///opt/lampp/htdocs/Practice/config/Config.php
Parsing file:///opt/lampp/htdocs/Practice/config/Configure.php
Parsing file:///opt/lampp/htdocs/Practice/config/Initialize.php
Parsing file:///opt/lampp/htdocs/Practice/resources/views/main.php
Parsing file:///opt/lampp/htdocs/Practice/resources/views/test.php
Parsing file:///opt/lampp/htdocs/Practice/resources/views/contact.php
Parsing file:///opt/lampp/htdocs/Practice/resources/views/AppStates/500.php
Parsing file:///opt/lampp/htdocs/Practice/resources/views/AppStates/coming.php
Parsing file:///opt/lampp/htdocs/Practice/resources/views/AppStates/401.php
Parsing file:///opt/lampp/htdocs/Practice/resources/views/AppStates/UC.php
Parsing file:///opt/lampp/htdocs/Practice/resources/views/AppStates/404.php
Parsing file:///opt/lampp/htdocs/Practice/resources/views/post.php
Parsing file:///opt/lampp/htdocs/Practice/resources/views/admin/reset-password.php
Parsing file:///opt/lampp/htdocs/Practice/resources/views/admin/index.php
Parsing file:///opt/lampp/htdocs/Practice/resources/views/about.php
Parsing file:///opt/lampp/htdocs/Practice/resources/views/home.php
Parsing file:///opt/lampp/htdocs/Practice/resources/assets/mail/contact_me.php
[Info  - 12:12:02 PM] Indexing project for dynamic references
Parsing file:///opt/lampp/htdocs/Practice/app/Routes.php
Parsing file:///opt/lampp/htdocs/Practice/app/Models/User.php
Parsing file:///opt/lampp/htdocs/Practice/app/Controller/Home/AuthController.php
Parsing file:///opt/lampp/htdocs/Practice/app/Controller/Home/Controller.php
Parsing file:///opt/lampp/htdocs/Practice/app/Controller/Home/SetController.php
Parsing file:///opt/lampp/htdocs/Practice/app/Controller/Admin/AuthController.php
Parsing file:///opt/lampp/htdocs/Practice/app/Controller/Admin/Controller.php
Parsing file:///opt/lampp/htdocs/Practice/app/Controller/Admin/SetController.php
Parsing file:///opt/lampp/htdocs/Practice/app/Routes/test.php
Parsing file:///opt/lampp/htdocs/Practice/app/Routes/admin.php
Parsing file:///opt/lampp/htdocs/Practice/app/Routes/web.php
Parsing file:///opt/lampp/htdocs/Practice/app/Start/UserSecure.php
Parsing file:///opt/lampp/htdocs/Practice/app/Start/AppHelper.php
Parsing file:///opt/lampp/htdocs/Practice/app/Start/Route.php
Parsing file:///opt/lampp/htdocs/Practice/app/Start/UserSession.php
Parsing file:///opt/lampp/htdocs/Practice/app/Start/View.php
Parsing file:///opt/lampp/htdocs/Practice/app/Start/Detail.php
Parsing file:///opt/lampp/htdocs/Practice/app/Start/Template.php
Parsing file:///opt/lampp/htdocs/Practice/bootstrap/Initializers.php
Parsing file:///opt/lampp/htdocs/Practice/bootstrap/Functions.php
Parsing file:///opt/lampp/htdocs/Practice/index.php
Parsing file:///opt/lampp/htdocs/Practice/tests/Unit/AuthTest.php
Parsing file:///opt/lampp/htdocs/Practice/vendor/composer/autoload_namespaces.php
Parsing file:///opt/lampp/htdocs/Practice/vendor/composer/autoload_real.php
Parsing file:///opt/lampp/htdocs/Practice/vendor/composer/autoload_psr4.php
Parsing file:///opt/lampp/htdocs/Practice/vendor/composer/autoload_files.php
Parsing file:///opt/lampp/htdocs/Practice/vendor/composer/autoload_classmap.php
Parsing file:///opt/lampp/htdocs/Practice/vendor/composer/ClassLoader.php
Parsing file:///opt/lampp/htdocs/Practice/vendor/composer/autoload_static.php
Parsing file:///opt/lampp/htdocs/Practice/vendor/autoload.php
Parsing file:///opt/lampp/htdocs/Practice/config/Config.php
Parsing file:///opt/lampp/htdocs/Practice/config/Configure.php
Parsing file:///opt/lampp/htdocs/Practice/config/Initialize.php
Parsing file:///opt/lampp/htdocs/Practice/resources/views/main.php
Parsing file:///opt/lampp/htdocs/Practice/resources/views/test.php
Parsing file:///opt/lampp/htdocs/Practice/resources/views/contact.php
Parsing file:///opt/lampp/htdocs/Practice/resources/views/AppStates/500.php
Parsing file:///opt/lampp/htdocs/Practice/resources/views/AppStates/coming.php
Parsing file:///opt/lampp/htdocs/Practice/resources/views/AppStates/401.php
Parsing file:///opt/lampp/htdocs/Practice/resources/views/AppStates/UC.php
Parsing file:///opt/lampp/htdocs/Practice/resources/views/AppStates/404.php
Parsing file:///opt/lampp/htdocs/Practice/resources/views/post.php
Parsing file:///opt/lampp/htdocs/Practice/resources/views/admin/reset-password.php
Parsing file:///opt/lampp/htdocs/Practice/resources/views/admin/index.php
Parsing file:///opt/lampp/htdocs/Practice/resources/views/about.php
Parsing file:///opt/lampp/htdocs/Practice/resources/views/home.php
Parsing file:///opt/lampp/htdocs/Practice/resources/assets/mail/contact_me.php
[Info  - 12:12:04 PM] 25 Packages
[Info  - 12:12:04 PM] Restored phpspec/prophecy:1.8.0 from cache
[Info  - 12:12:04 PM] Restored webmozart/assert:1.4.0 from cache
[Info  - 12:12:04 PM] Restored phpdocumentor/reflection-docblock:4.3.0 from cache
[Info  - 12:12:04 PM] Restored phpdocumentor/reflection-common:1.0.1 from cache
[Info  - 12:12:04 PM] Restored phpdocumentor/type-resolver:0.4.0 from cache
[Info  - 12:12:04 PM] Restored doctrine/instantiator:1.1.0 from cache
[Info  - 12:12:04 PM] Restored symfony/yaml:3.4.22 from cache
[Info  - 12:12:04 PM] Restored symfony/polyfill-ctype:1.10.0 from cache
[Info  - 12:12:04 PM] Restored sebastian/version:1.0.6 from cache
[Info  - 12:12:04 PM] Restored sebastian/diff:1.4.3 from cache
[Info  - 12:12:04 PM] Restored sebastian/environment:1.3.8 from cache
[Info  - 12:12:04 PM] Restored sebastian/recursion-context:1.0.5 from cache
[Info  - 12:12:04 PM] Restored sebastian/comparator:1.2.4 from cache
[Info  - 12:12:04 PM] Restored sebastian/exporter:1.2.2 from cache
[Info  - 12:12:05 PM] Restored sebastian/global-state:1.1.1 from cache
[Info  - 12:12:05 PM] Restored vlucas/phpdotenv:2.6.1 from cache
[Info  - 12:12:05 PM] Restored faraweilyas/whitegold-framework:2.3.3 from cache
[Info  - 12:12:05 PM] Restored phpmailer/phpmailer:6.0.7 from cache
[Info  - 12:12:05 PM] Restored phpunit/php-token-stream:1.4.12 from cache
[Info  - 12:12:05 PM] Restored phpunit/php-text-template:1.2.1 from cache
[Info  - 12:12:05 PM] Restored phpunit/php-timer:1.0.9 from cache
[Info  - 12:12:05 PM] Restored phpunit/php-file-iterator:1.4.5 from cache
[Info  - 12:12:05 PM] Restored phpunit/php-code-coverage:2.2.4 from cache
[Info  - 12:12:06 PM] Restored phpunit/phpunit-mock-objects:2.3.8 from cache
[Info  - 12:12:06 PM] Restored phpunit/phpunit:4.8.36 from cache
[Info  - 12:12:06 PM] All 897 PHP files parsed in 5 seconds. 164 MiB allocated.
